2024-08-23T17:46:23.433Z - Tentativa falha de busca de postagem. Post com título Teste8 não existe.
2024-08-23T17:46:25.938Z - Tentativa falha de busca de postagem. Post com título Teste9 não existe.
2024-08-23T17:47:02.457Z - Tentativa falha de adicionar postagem. Post com título Teste1 já existe.
2024-08-23T17:47:24.706Z - Tentativa falha de login, Usuário asdsa não existente.
2024-08-23T17:49:23.723Z - Erro ao adicionar post. Lugares Comuns não digitado.
2024-08-27T20:02:27.960Z - Erro ao adicionar post. Nome não digitado.
2024-08-27T20:02:30.400Z - Erro ao adicionar post. Nome não digitado.
2024-08-27T20:02:32.926Z - Tentativa falha de busca de postagem. Post com título sadsda não existe.
2024-08-27T20:03:50.512Z - Tentativa falha de login, Usuário asdsad não existente.
2024-08-27T20:04:00.824Z - Tentativa falha de login, Usuário asdsad não existente.
2024-08-27T20:04:03.674Z - Tentativa falha de login, Usuário f não existente.
2024-08-27T20:04:08.822Z - Tentativa falha de login, Usuário f não existente.
2024-08-27T20:05:51.162Z - Tentativa falha. Usuário 'Leandro' colocou a senha incorretamente.
2024-08-27T20:06:01.363Z - Tentativa falha. Usuário 'Leandro' colocou a senha incorretamente.
2024-08-27T20:15:17.122Z - Erro ao adicionar post. Nome não digitado.
2024-08-27T20:18:38.668Z - Tentativa falha de busca de postagem. Post com título Teste4 não existe.
2024-08-27T20:19:07.670Z - Tentativa falha de busca de postagem. Post com título 23 não existe.
2024-08-29T18:43:10.409Z - Tentativa falha de busca de postagem. Post com título teste1 não existe.
2024-08-29T18:45:20.732Z - Tentativa falha de busca de postagem. Post com título T não existe.
2024-08-29T18:52:02.796Z - Tentativa falha de busca de postagem. Post com título te não existe.
2024-08-29T21:53:39.929Z - Tentativa falha de adicionar postagem. Post com título Leandro Sombrio já existe.
2024-08-29T21:58:58.346Z - Tentativa falha de adicionar postagem. Post com título bolsonaro já existe.
